         ps       /top_tb/L0/subAdd/cin            /top_tb/L0/subAdd/s                                  
          delta              /top_tb/L0/subAdd/x          /top_tb/L0/subAdd/reg                         
                                      /top_tb/L0/subAdd/y       /top_tb/L0/subAdd/yXored                
                                       /top_tb/L0/subAdd/sel       /top_tb/L0/subAdd/cin_0              
                                                                  /top_tb/L0/subAdd/subMSBit            
          0  +0                       U UUUUUUUU UUUUUUUU UU UUUUUUUUU UUUUUUUU UUUUUUUU U U 
          0  +1                       1 00000001 11111000 11 UUUUUUUUU UUUUUUUU UUUUUUUU U U 
          0  +2                       1 00000001 11111000 11 UUUUUUUUU UUUUUUUU 00000111 1 U 
          0  +3                       1 00000001 11111000 11 UUUUUUUU1 00000UU1 00000111 1 U 
          0  +4                       1 00000001 11111000 11 U0000UU01 00000U11 00000111 1 0 
          0  +5                       1 00000001 11111000 11 00000U001 00000111 00000111 1 0 
          0  +6                       1 00000001 11111000 11 000001001 00000111 00000111 1 0 
    5000000  +1                       1 00000001 11111001 11 000001001 00000111 00000111 1 0 
    5000000  +2                       1 00000001 11111001 11 000001001 00000111 00000110 1 0 
    5000000  +3                       1 00000001 11111001 11 000001000 00000111 00000110 1 0 
   10000000  +1                       1 00000001 11111010 11 000001000 00000111 00000110 1 0 
   10000000  +2                       1 00000001 11111010 11 000001000 00000111 00000101 1 0 
   10000000  +3                       1 00000001 11111010 11 000001011 00000101 00000101 1 0 
   10000000  +4                       1 00000001 11111010 11 000001111 00000001 00000101 1 0 
   10000000  +5                       1 00000001 11111010 11 000000111 00000001 00000101 1 0 
   15000000  +1                       1 00000001 11111011 11 000000111 00000001 00000101 1 0 
   15000000  +2                       1 00000001 11111011 11 000000111 00000001 00000100 1 0 
   15000000  +3                       1 00000001 11111011 11 000000110 00000001 00000100 1 0 
   20000000  +1                       0 11111111 11111100 11 000000110 00000001 00000100 1 0 
   20000000  +2                       0 11111111 11111100 11 011111000 00000111 00000011 1 0 
   20000000  +3                       0 11111111 11111100 11 011110011 00001111 00000011 1 0 
   20000000  +4                       0 11111111 11111100 11 011100011 00011111 00000011 1 0 
   20000000  +5                       0 11111111 11111100 11 011000011 00111111 00000011 1 0 
   20000000  +6                       0 11111111 11111100 11 010000011 01111111 00000011 1 0 
   20000000  +7                       0 11111111 11111100 11 000000011 11111111 00000011 1 0 
   20000000  +8                       0 11111111 11111100 11 000000011 11111111 00000011 1 1 
   20000000  +9                       0 11111111 11111100 11 100000011 11111111 00000011 1 1 
   25000000  +1                       1 11111111 11111101 11 100000011 11111111 00000011 1 1 
   25000000  +2                       1 11111111 11111101 11 100000011 11111111 00000010 1 1 
   25000000  +3                       1 11111111 11111101 11 100000010 11111111 00000010 1 1 
   30000000  +1                       0 11111111 11111110 11 100000010 11111111 00000010 1 1 
   30000000  +2                       0 11111111 11111110 11 100000010 11111111 00000001 1 1 
   30000000  +3                       0 11111111 11111110 11 100000001 11111111 00000001 1 1 
   35000000  +1                       1 11111111 11111111 11 100000001 11111111 00000001 1 1 
   35000000  +2                       1 11111111 11111111 11 100000001 11111111 00000000 1 1 
   35000000  +3                       1 11111111 11111111 11 100000000 11111111 00000000 1 1 
   40000000  +1                       1 00000001 00111111 00 100000000 11111111 00000000 1 1 
   40000000  +2                       1 00000001 00111111 00 111111110 00000001 00111111 0 1 
   40000000  +3                       1 00000001 00111111 00 100111100 00000011 00111111 0 0 
   40000000  +4                       1 00000001 00111111 00 000111000 00000111 00111111 0 0 
   40000000  +5                       1 00000001 00111111 00 000110000 00001111 00111111 0 0 
   40000000  +6                       1 00000001 00111111 00 000100000 00011111 00111111 0 0 
   40000000  +7                       1 00000001 00111111 00 000000000 00111111 00111111 0 0 
   40000000  +8                       1 00000001 00111111 00 001000000 00111111 00111111 0 0 
   50000000  +1                       1 00000001 00111111 01 001000000 00111111 00111111 0 0 
   50000000  +2                       1 00000001 00111111 01 001000000 00111111 00111111 1 0 
   50000000  +3                       1 00000001 00111111 01 001000001 00111111 00111111 1 0 
   60000000  +1                       1 11111001 00000001 10 001000001 00111111 00111111 1 0 
   60000000  +2                       1 11111001 00000001 10 010111001 01111111 11111110 1 1 
   60000000  +3                       1 11111001 00000001 10 111111000 11111111 11111110 1 1 
   65000000  +1                       1 01111111 00000001 10 111111000 11111111 11111110 1 1 
   65000000  +2                       1 01111111 00000001 10 101111110 11111111 11111110 1 0 
   65000000  +3                       1 01111111 00000001 10 001111110 11111111 11111110 1 0 
