         ps       /top_tb/L0/BarrelEntity/x         /top_tb/L0/BarrelEntity/firstReg                                          
          delta       /top_tb/L0/BarrelEntity/y             /top_tb/L0/BarrelEntity/secondReg                                 
                           /top_tb/L0/BarrelEntity/output             /top_tb/L0/BarrelEntity/thirdReg                        
                                /top_tb/L0/BarrelEntity/mux1OutSig            /top_tb/L0/BarrelEntity/outputSig               
                                         /top_tb/L0/BarrelEntity/mux2OutSig       /top_tb/L0/BarrelEntity/coutSig             
          0  +0                    UUUUUUUU UUU UUUUUUUUU UUUUUUUU UUUUUUUU UUUUUUUU UUUUUUUU UUUUUUUU UUUUUUUU U 
          0  +1                    UUUUUUUU UUU UUUUUUUUU UUUUUUUU UUUUUUUU UUUUUUU0 UUUUUU00 UUUU0000 UUUUUUUU 0 
          0  +2                    00000001 000 0UUUUUUUU ZZZZZZZZ ZZZZZZZZ UUUUUUU0 UUUUUU00 UUUU0000 ZZZZZZZZ 0 
          0  +3                    00000001 000 0ZZZZZZZZ ZZZZZZZZ ZZZZZZZZ 00000010 ZZZZZZ00 ZZZZ0000 ZZZZZZZZ 0 
          0  +4                    00000001 000 0ZZZZZZZZ 00000001 ZZZZZZZZ 00000010 ZZZZZZ00 ZZZZ0000 ZZZZZZZZ 0 
          0  +5                    00000001 000 0ZZZZZZZZ 00000001 ZZZZZZZZ 00000010 00000100 ZZZZ0000 ZZZZZZZZ 0 
          0  +6                    00000001 000 0ZZZZZZZZ 00000001 00000001 00000010 00000100 ZZZZ0000 ZZZZZZZZ 0 
          0  +7                    00000001 000 0ZZZZZZZZ 00000001 00000001 00000010 00000100 00010000 ZZZZZZZZ 0 
          0  +8                    00000001 000 0ZZZZZZZZ 00000001 00000001 00000010 00000100 00010000 00000001 0 
          0  +9                    00000001 000 000000001 00000001 00000001 00000010 00000100 00010000 00000001 0 
    5000000  +2                    00000001 001 000000001 00000001 00000001 00000010 00000100 00010000 00000001 0 
    5000000  +4                    00000001 001 000000001 00000010 00000001 00000010 00000100 00010000 00000001 0 
    5000000  +5                    00000001 001 000000001 00000010 00000001 00000010 00001000 00010000 00000001 0 
    5000000  +6                    00000001 001 000000001 00000010 00000010 00000010 00001000 00010000 00000001 0 
    5000000  +7                    00000001 001 000000001 00000010 00000010 00000010 00001000 00100000 00000001 0 
    5000000  +8                    00000001 001 000000001 00000010 00000010 00000010 00001000 00100000 00000010 0 
    5000000  +9                    00000001 001 000000010 00000010 00000010 00000010 00001000 00100000 00000010 0 
   10000000  +2                    00000001 010 000000010 00000010 00000010 00000010 00001000 00100000 00000010 0 
   10000000  +4                    00000001 010 000000010 00000001 00001000 00000010 00001000 00100000 00000010 0 
   10000000  +5                    00000001 010 000000010 00000001 00001000 00000010 00000100 10000000 00000010 0 
   10000000  +6                    00000001 010 000000010 00000001 00001000 00000010 00000100 10000000 00001000 0 
   10000000  +7                    00000001 010 000001000 00000001 00000100 00000010 00000100 10000000 00001000 0 
   10000000  +8                    00000001 010 000001000 00000001 00000100 00000010 00000100 01000000 00001000 0 
   10000000  +9                    00000001 010 000001000 00000001 00000100 00000010 00000100 01000000 00000100 0 
   10000000 +10                    00000001 010 000000100 00000001 00000100 00000010 00000100 01000000 00000100 0 
   15000000  +2                    00000001 011 000000100 00000001 00000100 00000010 00000100 01000000 00000100 0 
   15000000  +4                    00000001 011 000000100 00000010 00000100 00000010 00000100 01000000 00000100 0 
   15000000  +5                    00000001 011 000000100 00000010 00000100 00000010 00001000 01000000 00000100 0 
   15000000  +7                    00000001 011 000000100 00000010 00001000 00000010 00001000 01000000 00000100 0 
   15000000  +8                    00000001 011 000000100 00000010 00001000 00000010 00001000 10000000 00000100 0 
   15000000  +9                    00000001 011 000000100 00000010 00001000 00000010 00001000 10000000 00001000 0 
   15000000 +10                    00000001 011 000001000 00000010 00001000 00000010 00001000 10000000 00001000 0 
   20000000  +2                    11111111 100 000001000 00000010 00001000 00000010 00001000 10000000 00001000 0 
   20000000  +3                    11111111 100 000001000 00000010 00001000 11111110 00001000 10000000 00001000 1 
   20000000  +4                    11111111 100 100001000 11111111 00000010 11111110 00001000 10000000 10000000 1 
   20000000  +5                    11111111 100 110000000 11111111 00000010 11111110 11111100 00100000 10000000 1 
   20000000  +6                    11111111 100 110000000 11111111 11111111 11111110 11111100 00100000 10000000 1 
   20000000  +7                    11111111 100 110000000 11111111 11111111 11111110 11111100 11110000 00100000 1 
   20000000  +8                    11111111 100 100100000 11111111 11111111 11111110 11111100 11110000 00100000 1 
   20000000  +9                    11111111 100 100100000 11111111 11111111 11111110 11111100 11110000 11110000 1 
   20000000 +10                    11111111 100 111110000 11111111 11111111 11111110 11111100 11110000 11110000 1 
   25000000  +2                    11111111 101 111110000 11111111 11111111 11111110 11111100 11110000 11110000 1 
   25000000  +4                    11111111 101 111110000 11111110 11111111 11111110 11111100 11110000 11110000 1 
   25000000  +5                    11111111 101 111110000 11111110 11111111 11111110 11111000 11110000 11110000 1 
   25000000  +6                    11111111 101 111110000 11111110 11111110 11111110 11111000 11110000 11110000 1 
   25000000  +7                    11111111 101 111110000 11111110 11111110 11111110 11111000 11100000 11110000 1 
   25000000  +9                    11111111 101 111110000 11111110 11111110 11111110 11111000 11100000 11100000 1 
   25000000 +10                    11111111 101 111100000 11111110 11111110 11111110 11111000 11100000 11100000 1 
   30000000  +2                    11111111 110 111100000 11111110 11111110 11111110 11111000 11100000 11100000 1 
   30000000  +4                    11111111 110 111100000 11111111 11111000 11111110 11111000 11100000 11100000 1 
   30000000  +5                    11111111 110 111100000 11111111 11111000 11111110 11111100 10000000 11100000 1 
   30000000  +7                    11111111 110 111100000 11111111 11111100 11111110 11111100 10000000 10000000 1 
   30000000  +8                    11111111 110 110000000 11111111 11111100 11111110 11111100 11000000 10000000 1 
   30000000 +10                    11111111 110 110000000 11111111 11111100 11111110 11111100 11000000 11000000 1 
   30000000 +11                    11111111 110 111000000 11111111 11111100 11111110 11111100 11000000 11000000 1 
   35000000  +2                    11111111 111 111000000 11111111 11111100 11111110 11111100 11000000 11000000 1 
   35000000  +4                    11111111 111 111000000 11111110 11111100 11111110 11111100 11000000 11000000 1 
   35000000  +5                    11111111 111 111000000 11111110 11111100 11111110 11111000 11000000 11000000 1 
   35000000  +7                    11111111 111 111000000 11111110 11111000 11111110 11111000 11000000 11000000 1 
   35000000  +8                    11111111 111 111000000 11111110 11111000 11111110 11111000 10000000 11000000 1 
   35000000 +10                    11111111 111 111000000 11111110 11111000 11111110 11111000 10000000 10000000 1 
   35000000 +11                    11111111 111 110000000 11111110 11111000 11111110 11111000 10000000 10000000 1 
   40000000  +2                    00000001 111 110000000 11111110 11111000 11111110 11111000 10000000 10000000 1 
   40000000  +3                    00000001 111 110000000 11111110 11111000 00000010 11111000 10000000 10000000 0 
   40000000  +4                    00000001 111 010000000 11111110 11111000 00000010 11111000 10000000 10000000 0 
   40000000  +5                    00000001 111 010000000 00000010 11111000 00000010 11111000 10000000 10000000 0 
   40000000  +6                    00000001 111 010000000 00000010 11111000 00000010 00001000 10000000 10000000 0 
   40000000  +8                    00000001 111 010000000 00000010 00001000 00000010 00001000 10000000 10000000 0 
   60000000  +2                    11111001 001 010000000 00000010 00001000 00000010 00001000 10000000 10000000 0 
   60000000  +3                    11111001 001 010000000 00000010 00001000 11110010 00001000 10000000 10000000 1 
   60000000  +4                    11111001 001 110000000 00000010 00000010 11110010 00001000 10000000 00001000 1 
   60000000  +5                    11111001 001 100001000 11110010 00000010 11110010 00001000 00100000 00001000 1 
   60000000  +6                    11111001 001 100001000 11110010 00000010 11110010 11001000 00100000 00000010 1 
   60000000  +7                    11111001 001 100000010 11110010 11110010 11110010 11001000 00100000 00000010 1 
   60000000  +9                    11111001 001 100000010 11110010 11110010 11110010 11001000 00100000 11110010 1 
   60000000 +10                    11111001 001 111110010 11110010 11110010 11110010 11001000 00100000 11110010 1 
   65000000  +2                    01111111 001 111110010 11110010 11110010 11110010 11001000 00100000 11110010 1 
   65000000  +3                    01111111 001 111110010 11110010 11110010 11111110 11001000 00100000 11110010 0 
   65000000  +4                    01111111 001 011110010 11110010 11110010 11111110 11001000 00100000 11110010 0 
   65000000  +5                    01111111 001 011110010 11111110 11110010 11111110 11001000 00100000 11110010 0 
   65000000  +6                    01111111 001 011110010 11111110 11110010 11111110 11111000 00100000 11110010 0 
   65000000  +7                    01111111 001 011110010 11111110 11111110 11111110 11111000 00100000 11110010 0 
   65000000  +8                    01111111 001 011110010 11111110 11111110 11111110 11111000 11100000 11110010 0 
   65000000  +9                    01111111 001 011110010 11111110 11111110 11111110 11111000 11100000 11111110 0 
   65000000 +10                    01111111 001 011111110 11111110 11111110 11111110 11111000 11100000 11111110 0 
